<?xml version="1.0" encoding="UTF-8"?>
<!-- Generated by org.testng.reporters.JUnitXMLReporter -->
<testsuite ignored="0" hostname="ShubhamMalviya" failures="1" tests="1" name="Surefire test" time="19.193" errors="0" timestamp="2023-12-07T20:16:47 IST">
  <testcase classname="io.cucumber.testng.AbstractTestNGCucumberTests" name="runScenario" time="9.998">
    <failure type="org.openqa.selenium.ElementClickInterceptedException" message="element click intercepted: Element &amp;lt;a class=&amp;quot;idxLink idxLinkDerived&amp;quot; dojoattachpoint=&amp;quot;containerNode, linkNode, focusNode, stateNode, oneuiBaseNode&amp;quot; tabindex=&amp;quot;0&amp;quot; alt=&amp;quot;&amp;quot; role=&amp;quot;link&amp;quot; wairole=&amp;quot;link&amp;quot; aria-label=&amp;quot;&amp;quot; href=&amp;quot;javascript:;&amp;quot;&amp;gt;...&amp;lt;/a&amp;gt; is not clickable at point (1075, 475). Other element would receive the click: &amp;lt;div class=&amp;quot;dijitDialogUnderlay scMask&amp;quot; dojoattachpoint=&amp;quot;node&amp;quot; role=&amp;quot;alert&amp;quot; id=&amp;quot;dialogId_underlay&amp;quot; style=&amp;quot;width: 1263px; height: 551px; text-align: center;&amp;quot;&amp;gt;&amp;lt;/div&amp;gt;
  (Session info: chrome=120.0.6099.71)
Build info: version: &amp;apos;4.4.0&amp;apos;, revision: &amp;apos;e5c75ed026a&amp;apos;
System info: host: &amp;apos;SHUBHAMMALVIYA&amp;apos;, ip: &amp;apos;192.168.1.2&amp;apos;, os.name: &amp;apos;Windows 11&amp;apos;, os.arch: &amp;apos;amd64&amp;apos;, os.version: &amp;apos;10.0&amp;apos;, java.version: &amp;apos;17.0.9&amp;apos;
Driver info: org.openqa.selenium.chrome.ChromeDriver
Command: [869127da6b7b807b91193da54ed84270, clickElement {id=4E0BF21EDA4E0CB38577FA7258456668_element_60}]
Capabilities {acceptInsecureCerts: false, browserName: chrome, browserVersion: 120.0.6099.71, chrome: {chromedriverVersion: 120.0.6099.71 (9729082fe617..., userDataDir: C:\Users\SHUBHA~1\AppData\L...}, fedcm:accounts: true, goog:chromeOptions: {debuggerAddress: localhost:54310}, networkConnectionEnabled: false, pageLoadStrategy: normal, platformName: WINDOWS, proxy: Proxy(), se:cdp: ws://localhost:54310/devtoo..., se:cdpVersion: 120.0.6099.71, setWindowRect: true, strictFileInteractability: false, timeouts: {implicit: 0, pageLoad: 300000, script: 30000}, unhandledPromptBehavior: dismiss and notify, webauthn:extension:credBlob: true, webauthn:extension:largeBlob: true, webauthn:extension:minPinLength: true, webauthn:extension:prf: true, webauthn:virtualAuthenticators: true}
Element: [[ChromeDriver: chrome on WINDOWS (869127da6b7b807b91193da54ed84270)] -&amp;gt; link text: Manage Charges]
Session ID: 869127da6b7b807b91193da54ed84270">
      <![CDATA[org.openqa.selenium.ElementClickInterceptedException: element click intercepted: Element <a class="idxLink idxLinkDerived" dojoattachpoint="containerNode, linkNode, focusNode, stateNode, oneuiBaseNode" tabindex="0" alt="" role="link" wairole="link" aria-label="" href="javascript:;">...</a> is not clickable at point (1075, 475). Other element would receive the click: <div class="dijitDialogUnderlay scMask" dojoattachpoint="node" role="alert" id="dialogId_underlay" style="width: 1263px; height: 551px; text-align: center;"></div>
  (Session info: chrome=120.0.6099.71)
Build info: version: '4.4.0', revision: 'e5c75ed026a'
System info: host: 'SHUBHAMMALVIYA', ip: '192.168.1.2', os.name: 'Windows 11', os.arch: 'amd64', os.version: '10.0', java.version: '17.0.9'
Driver info: org.openqa.selenium.chrome.ChromeDriver
Command: [869127da6b7b807b91193da54ed84270, clickElement {id=4E0BF21EDA4E0CB38577FA7258456668_element_60}]
Capabilities {acceptInsecureCerts: false, browserName: chrome, browserVersion: 120.0.6099.71, chrome: {chromedriverVersion: 120.0.6099.71 (9729082fe617..., userDataDir: C:\Users\SHUBHA~1\AppData\L...}, fedcm:accounts: true, goog:chromeOptions: {debuggerAddress: localhost:54310}, networkConnectionEnabled: false, pageLoadStrategy: normal, platformName: WINDOWS, proxy: Proxy(), se:cdp: ws://localhost:54310/devtoo..., se:cdpVersion: 120.0.6099.71, setWindowRect: true, strictFileInteractability: false, timeouts: {implicit: 0, pageLoad: 300000, script: 30000}, unhandledPromptBehavior: dismiss and notify, webauthn:extension:credBlob: true, webauthn:extension:largeBlob: true, webauthn:extension:minPinLength: true, webauthn:extension:prf: true, webauthn:virtualAuthenticators: true}
Element: [[ChromeDriver: chrome on WINDOWS (869127da6b7b807b91193da54ed84270)] -> link text: Manage Charges]
Session ID: 869127da6b7b807b91193da54ed84270
at org.openqa.selenium.remote.codec.w3c.W3CHttpResponseCodec.createException(W3CHttpResponseCodec.java:200)
at org.openqa.selenium.remote.codec.w3c.W3CHttpResponseCodec.decode(W3CHttpResponseCodec.java:133)
at org.openqa.selenium.remote.codec.w3c.W3CHttpResponseCodec.decode(W3CHttpResponseCodec.java:53)
at org.openqa.selenium.remote.HttpCommandExecutor.execute(HttpCommandExecutor.java:184)
at org.openqa.selenium.remote.service.DriverCommandExecutor.invokeExecute(DriverCommandExecutor.java:167)
at org.openqa.selenium.remote.service.DriverCommandExecutor.execute(DriverCommandExecutor.java:142)
at org.openqa.selenium.remote.RemoteWebDriver.execute(RemoteWebDriver.java:547)
at org.openqa.selenium.remote.RemoteWebElement.execute(RemoteWebElement.java:257)
at org.openqa.selenium.remote.RemoteWebElement.click(RemoteWebElement.java:78)
at org.openqa.selenium.support.pagefactory.internal.LocatingElementHandler.invoke(LocatingElementHandler.java:52)
at jdk.proxy2/jdk.proxy2.$Proxy27.click(Unknown Source)
at utils.BasePage.click(BasePage.java:58)
at pages.web.ManageChargesWebPage.clickManageChargesLink(ManageChargesWebPage.java:59)
at stepDefinitions.CallCenterUI_SecnarioStepDef.click_on_from_releated_task_sub_window(CallCenterUI_SecnarioStepDef.java:82)
at âœ½.Click on "ManageCharges" from Releated Task sub window(file:///C:/Users/ShubhamMalviya/OneDrive%20-%20VRIZE%20INDIA%20PRIVATE%20LIMITED/Documents/Mayank_ShareProject/ecommerce_framework_setup%202/EcommerceAutomationFramework/src/test/resources/features/web/CallCenterUI_Senarios.feature:20)
... Removed 9 stack frames]]>
    </failure>
  </testcase> <!-- runScenario -->
</testsuite> <!-- Surefire test -->
